\BOOKMARK [1][-]{section.1}{Executive Summary \204 Zusammenfassung}{}
\BOOKMARK [1][-]{section.2}{Risk for Our Languages and a Challenge for Language Technology}{}
\BOOKMARK [2][-]{subsection.2.1}{Language Borders Hinder the European Information Society}{section.2}
\BOOKMARK [2][-]{subsection.2.2}{Our Languages at Risk}{section.2}
\BOOKMARK [2][-]{subsection.2.3}{Language Technology is a Key Enabling Technology}{section.2}
\BOOKMARK [2][-]{subsection.2.4}{Opportunities for Language Technology}{section.2}
\BOOKMARK [2][-]{subsection.2.5}{Challenges Facing Language Technology}{section.2}
\BOOKMARK [2][-]{subsection.2.6}{Language Acquisition in Humans and Machines}{section.2}
\BOOKMARK [1][-]{section.3}{German in the European Information Society}{}
\BOOKMARK [2][-]{subsection.3.1}{General Facts}{section.3}
\BOOKMARK [2][-]{subsection.3.2}{Particularities of the German Language}{section.3}
\BOOKMARK [2][-]{subsection.3.3}{Recent Developments}{section.3}
\BOOKMARK [2][-]{subsection.3.4}{Language Cultivation in Germany}{section.3}
\BOOKMARK [2][-]{subsection.3.5}{Language in Education}{section.3}
\BOOKMARK [2][-]{subsection.3.6}{International Aspects}{section.3}
\BOOKMARK [2][-]{subsection.3.7}{German on the Internet}{section.3}
\BOOKMARK [2][-]{subsection.3.8}{Language Technology Support for German}{section.3}
\BOOKMARK [2][-]{subsection.3.9}{Application Architectures}{section.3}
\BOOKMARK [2][-]{subsection.3.10}{Core Application Areas}{section.3}
\BOOKMARK [3][-]{subsubsection.3.10.1}{Language Checking}{subsection.3.10}
\BOOKMARK [2][-]{subsection.3.11}{Web Search}{section.3}
\BOOKMARK [2][-]{subsection.3.12}{Speech Interaction}{section.3}
\BOOKMARK [2][-]{subsection.3.13}{Machine Translation}{section.3}
\BOOKMARK [2][-]{subsection.3.14}{Other Application Areas}{section.3}
\BOOKMARK [2][-]{subsection.3.15}{Educational Programmes}{section.3}
\BOOKMARK [2][-]{subsection.3.16}{National Projects and Efforts}{section.3}
\BOOKMARK [2][-]{subsection.3.17}{Availability of Tools and Resources}{section.3}
\BOOKMARK [2][-]{subsection.3.18}{Cross-language comparison}{section.3}
\BOOKMARK [2][-]{subsection.3.19}{Conclusions}{section.3}
\BOOKMARK [1][-]{section.4}{About META-NET}{}
\BOOKMARK [2][-]{subsection.4.1}{Lines of Action}{section.4}
\BOOKMARK [2][-]{subsection.4.2}{Member Organisations}{section.4}
\BOOKMARK [2][-]{subsection.4.3}{References}{section.4}
\BOOKMARK [1][-]{section.5}{LOREM ISPUM}{}
\BOOKMARK [2][-]{subsection.5.1}{IPSUM LOREM}{section.5}
\BOOKMARK [2][-]{subsection.5.2}{IPSUM LOREM}{section.5}
\BOOKMARK [1][-]{section.6}{LOREM ISPUM}{}
\BOOKMARK [2][-]{subsection.6.1}{IPSUM LOREM}{section.6}
\BOOKMARK [1][-]{section.7}{LOREM ISPUM}{}
\BOOKMARK [2][-]{subsection.7.1}{IPSUM LOREM}{section.7}
\BOOKMARK [1][-]{section.8}{LOREM ISPUM}{}
\BOOKMARK [2][-]{subsection.8.1}{IPSUM LOREM}{section.8}
\BOOKMARK [2][-]{subsection.8.2}{IPSUM LOREM}{section.8}
\BOOKMARK [1][-]{section.9}{LOREM ISPUM}{}
\BOOKMARK [2][-]{subsection.9.1}{IPSUM LOREM}{section.9}
\BOOKMARK [2][-]{subsection.9.2}{IPSUM LOREM}{section.9}
\BOOKMARK [2][-]{subsection.9.3}{IPSUM LOREM}{section.9}
\BOOKMARK [3][-]{subsubsection.9.3.1}{IPSUM LOREM}{subsection.9.3}
\BOOKMARK [2][-]{subsection.9.4}{IPSUM LOREM}{section.9}
